************* Module tracticketpost
C:  1: Missing docstring
W:  1: Relative import 'ticket', should be 'tracticketpost.ticket'
************* Module tracticketpost.ticket
C:  1: Missing docstring
C: 51:Ticket.__init__: Invalid name "br" (should match [a-z_][a-z0-9_]{2,30}$)
C: 42:Ticket.__init__: Invalid name "v" (should match [a-z_][a-z0-9_]{2,30}$)
C: 44:Ticket.__init__: Operator not followed by a space
                raise ValueError, "Unexpected keyword '%s=%s'"%(str(k),str(v))
                                                              ^
C: 67:Ticket.submit: Invalid name "v" (should match [a-z_][a-z0-9_]{2,30}$)
C: 73:Ticket.submit.get_text: Missing docstring
R:  6:Ticket: Too few public methods (1/2)
W:  4: Unused import sys


Report
======
45 statements analysed.

Duplication
-----------

+-------------------------+------+---------+-----------+
|                         |now   |previous |difference |
+=========================+======+=========+===========+
|nb duplicated lines      |0     |NC       |NC         |
+-------------------------+------+---------+-----------+
|percent duplicated lines |0.000 |NC       |NC         |
+-------------------------+------+---------+-----------+



Raw metrics
-----------

+----------+-------+------+---------+-----------+
|type      |number |%     |previous |difference |
+==========+=======+======+=========+===========+
|code      |51     |60.71 |NC       |NC         |
+----------+-------+------+---------+-----------+
|docstring |28     |33.33 |NC       |NC         |
+----------+-------+------+---------+-----------+
|comment   |0      |0.00  |NC       |NC         |
+----------+-------+------+---------+-----------+
|empty     |5      |5.95  |NC       |NC         |
+----------+-------+------+---------+-----------+



External dependencies
---------------------
::

    ClientForm (tracticketpost.ticket)
    tracticketpost 
      \-ticket 
        \-Ticket (tracticketpost)
    twill 
      \-browser 
        \-TwillBrowser (tracticketpost.ticket)



Statistics by type
------------------

+---------+-------+-----------+-----------+------------+---------+
|type     |number |old number |difference |%documented |%badname |
+=========+=======+===========+===========+============+=========+
|module   |2      |NC         |NC         |0.00        |0.00     |
+---------+-------+-----------+-----------+------------+---------+
|class    |1      |NC         |NC         |100.00      |0.00     |
+---------+-------+-----------+-----------+------------+---------+
|method   |2      |NC         |NC         |100.00      |0.00     |
+---------+-------+-----------+-----------+------------+---------+
|function |1      |NC         |NC         |0.00        |0.00     |
+---------+-------+-----------+-----------+------------+---------+



Messages by category
--------------------

+-----------+-------+---------+-----------+
|type       |number |previous |difference |
+===========+=======+=========+===========+
|convention |7      |NC       |NC         |
+-----------+-------+---------+-----------+
|refactor   |1      |NC       |NC         |
+-----------+-------+---------+-----------+
|warning    |2      |NC       |NC         |
+-----------+-------+---------+-----------+
|error      |0      |NC       |NC         |
+-----------+-------+---------+-----------+



% errors / warnings by module
-----------------------------

+----------------------+------+--------+---------+-----------+
|module                |error |warning |refactor |convention |
+======================+======+========+=========+===========+
|tracticketpost.ticket |0.00  |50.00   |100.00   |85.71      |
+----------------------+------+--------+---------+-----------+
|tracticketpost        |0.00  |50.00   |0.00     |14.29      |
+----------------------+------+--------+---------+-----------+



Messages
--------

+-----------+------------+
|message id |occurrences |
+===========+============+
|C0111      |3           |
+-----------+------------+
|C0103      |3           |
+-----------+------------+
|W0611      |1           |
+-----------+------------+
|W0403      |1           |
+-----------+------------+
|R0903      |1           |
+-----------+------------+
|C0323      |1           |
+-----------+------------+



Global evaluation
-----------------
Your code has been rated at 7.78/10

